2025-08-26 05:40:56,056 - WORKER[1] - INFO - RQ Worker開始: worker-1 - 監視キュー: retry_queue, video_processing
2025-08-26 05:40:56,069 - WORKER[1] - INFO - Worker rq:worker:worker-1 started with PID 1, version 1.15.1
2025-08-26 05:40:56,069 - WORKER[1] - INFO - Subscribing to channel rq:pubsub:worker-1
2025-08-26 05:40:56,110 - WORKER[1] - INFO - *** Listening on retry_queue, video_processing...
2025-08-26 05:42:46,124 - WORKER[1] - INFO - Worker worker-1 [PID 1]: warm shut down requested
2025-08-26 05:42:46,155 - WORKER[1] - INFO - Unsubscribing from channel rq:pubsub:worker-1
2025-08-26 05:43:05,323 - WORKER[1] - INFO - ログファイル: /worker/logs/worker1/20250826.log
2025-08-26 05:43:05,323 - WORKER[1] - INFO - MM2-CF Worker起動 - ID: 1, Redis: redis://192.168.11.52:6379/0
2025-08-26 05:43:05,332 - WORKER[1] - INFO - Redis接続成功: redis://192.168.11.52:6379/0
2025-08-26 05:43:05,336 - WORKER[1] - INFO - RQ Worker開始: worker-1 - 監視キュー: retry_queue, video_processing
2025-08-26 05:43:05,345 - WORKER[1] - INFO - Worker rq:worker:worker-1 started with PID 1, version 1.15.1
2025-08-26 05:43:05,345 - WORKER[1] - INFO - Subscribing to channel rq:pubsub:worker-1
2025-08-26 05:43:05,354 - WORKER[1] - INFO - *** Listening on retry_queue, video_processing...
2025-08-26 05:44:54,229 - WORKER[1] - INFO - Worker worker-1 [PID 1]: warm shut down requested
2025-08-26 05:44:54,275 - WORKER[1] - INFO - Unsubscribing from channel rq:pubsub:worker-1
2025-08-26 05:45:12,380 - WORKER[1] - INFO - ログファイル: /worker/logs/worker1/20250826.log
2025-08-26 05:45:12,380 - WORKER[1] - INFO - MM2-CF Worker起動 - ID: 1, Redis: redis://192.168.11.52:6379/0
2025-08-26 05:45:12,388 - WORKER[1] - INFO - Redis接続成功: redis://192.168.11.52:6379/0
2025-08-26 05:45:12,393 - WORKER[1] - INFO - RQ Worker開始: worker-1 - 監視キュー: retry_queue, video_processing
2025-08-26 05:45:12,415 - WORKER[1] - INFO - Worker rq:worker:worker-1 started with PID 1, version 1.15.1
2025-08-26 05:45:12,415 - WORKER[1] - INFO - Subscribing to channel rq:pubsub:worker-1
2025-08-26 05:45:12,422 - WORKER[1] - INFO - *** Listening on retry_queue, video_processing...
2025-08-26 05:45:42,121 - WORKER[1] - INFO - video_processing: rsync.process_video('/app/surveillance/TC500-001/20250826AM/TC500-001-20250826-031918-175614595...) (330ea6b6-9360-4ed3-9564-f3b57805654d)
2025-08-26 05:45:42,124 - WORKER[1] - INFO - ジョブ取得: video_processingキューから 330ea6b6-9360-4ed3-9564-f3b57805654d
2025-08-26 05:45:42,124 - WORKER[1] - INFO -   動画ファイル: /app/surveillance/TC500-001/20250826AM/TC500-001-20250826-031918-1756145958409-1.mp4
2025-08-26 05:45:42,124 - WORKER[1] - INFO -   リトライ回数: 0
2025-08-26 05:45:42,124 - WORKER[1] - INFO -   関数: rsync.process_video
2025-08-26 05:45:42,315 - WORKER[1] - INFO - JobLockManager ready: worker-1
2025-08-26 05:45:42,341 - WORKER[1] - INFO - ロック取得: /app/surveillance/TC500-001/20250826AM/TC500-001-20250826-031918-1756145958409-1.mp4
2025-08-26 05:45:42,342 - WORKER[1] - INFO - ジョブ処理開始: /app/surveillance/TC500-001/20250826AM/TC500-001-20250826-031918-1756145958409-1.mp4
2025-08-26 05:45:42,342 - WORKER[1] - INFO - 同期開始: TC500-001/20250826AM/TC500-001-20250826-031918-1756145958409-1.mp4
2025-08-26 05:46:58,174 - WORKER[1] - INFO - 同期完了: TC500-001/20250826AM/TC500-001-20250826-031918-1756145958409-1.mp4 → /worker/test_videos/TC500-001-20250826-031918-1756145958409-1.mp4 (776.00MB)
2025-08-26 05:46:58,175 - WORKER[1] - INFO - 同期完了: 75.83秒
2025-08-26 05:46:58,175 - WORKER[1] - INFO - テスト用ファイル保存完了: /worker/test_videos/TC500-001-20250826-031918-1756145958409-1.mp4 (776.00MB)